#
# There is insufficient memory for the Java Runtime Environment to continue.
# Native memory allocation (malloc) failed to allocate 75497472 bytes for committing reserved memory.
# Possible reasons:
#   The system is out of physical RAM or swap space
#   In 32 bit mode, the process size limit was hit
# Possible solutions:
#   Reduce memory load on the system
#   Increase physical memory or swap space
#   Check if swap backing store is full
#   Use 64 bit Java on a 64 bit OS
#   Decrease Java heap size (-Xmx/-Xms)
#   Decrease number of Java threads
#   Decrease Java thread stack sizes (-Xss)
#   Set larger code cache with -XX:ReservedCodeCacheSize=
# This output file may be truncated or incomplete.
#
#  Out of Memory Error (os_linux.cpp:2756), pid=30644, tid=139830594242304
#
# JRE version: Java(TM) SE Runtime Environment (7.0_80-b15) (build 1.7.0_80-b15)
# Java VM: Java HotSpot(TM) 64-Bit Server VM (24.80-b11 mixed mode linux-amd64 compressed oops)
# Failed to write core dump. Core dumps have been disabled. To enable core dumping, try "ulimit -c unlimited" before starting Java again
#

---------------  T H R E A D  ---------------

Current thread (0x00007f2cec06a000):  VMThread [stack: 0x00007f2cd8d60000,0x00007f2cd8e61000] [id=30678]

Stack: [0x00007f2cd8d60000,0x00007f2cd8e61000],  sp=0x00007f2cd8e5f340,  free space=1020k
Native frames: (J=compiled Java code, j=interpreted, Vv=VM code, C=native code)
V  [libjvm.so+0x9a320a]  VMError::report_and_die()+0x2ea
V  [libjvm.so+0x498d3b]  report_vm_out_of_memory(char const*, int, unsigned long, char const*)+0x9b
V  [libjvm.so+0x82191e]  os::Linux::commit_memory_impl(char*, unsigned long, bool)+0xfe
V  [libjvm.so+0x821e69]  os::pd_commit_memory(char*, unsigned long, unsigned long, bool)+0x29
V  [libjvm.so+0x81bb6a]  os::commit_memory(char*, unsigned long, unsigned long, bool)+0x2a
V  [libjvm.so+0x88d623]  PSVirtualSpace::expand_by(unsigned long)+0x53
V  [libjvm.so+0x88e9f8]  PSYoungGen::resize_generation(unsigned long, unsigned long)+0xf8
V  [libjvm.so+0x88db62]  PSYoungGen::resize(unsigned long, unsigned long)+0x22
V  [libjvm.so+0x88af1d]  PSScavenge::invoke_no_policy()+0xf3d
V  [libjvm.so+0x88b761]  PSScavenge::invoke()+0x41
V  [libjvm.so+0x843f40]  ParallelScavengeHeap::failed_mem_allocate(unsigned long)+0x70
V  [libjvm.so+0x9a4a97]  VM_ParallelGCFailedAllocation::doit()+0x97
V  [libjvm.so+0x9abf35]  VM_Operation::evaluate()+0x55
V  [libjvm.so+0x9aa2fa]  VMThread::evaluate_operation(VM_Operation*)+0xba
V  [libjvm.so+0x9aa67e]  VMThread::loop()+0x1ce
V  [libjvm.so+0x9aaaf0]  VMThread::run()+0x70
V  [libjvm.so+0x8238c8]  java_start(Thread*)+0x108

VM_Operation (0x00007f2cb76d0e70): ParallelGCFailedAllocation, mode: safepoint, requested by thread 0x00007f2cec188800


---------------  P R O C E S S  ---------------

Java Threads: ( => current thread )
  0x00007f2cec188800 JavaThread "pool-2-thread-4" [_thread_blocked, id=30733, stack(0x00007f2cb75d2000,0x00007f2cb76d3000)]
  0x00007f2cec187000 JavaThread "pool-2-thread-3" [_thread_blocked, id=30732, stack(0x00007f2cb76d3000,0x00007f2cb77d4000)]
  0x00007f2cec185800 JavaThread "pool-2-thread-2" [_thread_blocked, id=30731, stack(0x00007f2cb77d4000,0x00007f2cb78d5000)]
  0x00007f2cec184800 JavaThread "pool-3-thread-1" [_thread_blocked, id=30730, stack(0x00007f2cb78d5000,0x00007f2cb79d6000)]
  0x00007f2cec182800 JavaThread "pool-2-thread-1" [_thread_blocked, id=30729, stack(0x00007f2cb79d6000,0x00007f2cb7ad7000)]
  0x00007f2cec098800 JavaThread "Service Thread" daemon [_thread_blocked, id=30703, stack(0x00007f2cd8078000,0x00007f2cd8179000)]
  0x00007f2cec096000 JavaThread "C2 CompilerThread1" daemon [_thread_blocked, id=30701, stack(0x00007f2cd8179000,0x00007f2cd827a000)]
  0x00007f2cec093000 JavaThread "C2 CompilerThread0" daemon [_thread_in_native, id=30699, stack(0x00007f2cd827a000,0x00007f2cd837b000)]
  0x00007f2cec091000 JavaThread "Signal Dispatcher" daemon [_thread_blocked, id=30695, stack(0x00007f2cd837b000,0x00007f2cd847c000)]
  0x00007f2cec070800 JavaThread "Finalizer" daemon [_thread_blocked, id=30690, stack(0x00007f2cd8b5e000,0x00007f2cd8c5f000)]
  0x00007f2cec06e000 JavaThread "Reference Handler" daemon [_thread_blocked, id=30689, stack(0x00007f2cd8c5f000,0x00007f2cd8d60000)]
  0x00007f2cec00a000 JavaThread "main" [_thread_blocked, id=30656, stack(0x00007f2cf2ad5000,0x00007f2cf2bd6000)]

Other Threads:
=>0x00007f2cec06a000 VMThread [stack: 0x00007f2cd8d60000,0x00007f2cd8e61000] [id=30678]
  0x00007f2cec0a3000 WatcherThread [stack: 0x00007f2cb7eff000,0x00007f2cb8000000] [id=30709]

VM state:at safepoint (normal execution)

VM Mutex/Monitor currently owned by a thread:  ([mutex/lock_event])
[0x00007f2cec0066e0] Threads_lock - owner thread: 0x00007f2cec06a000
[0x00007f2cec006be0] Heap_lock - owner thread: 0x00007f2cec188800

Heap
 PSYoungGen      total 72704K, used 8170K [0x00000000eaa80000, 0x00000000efa80000, 0x0000000100000000)
  eden space 64512K, 0% used [0x00000000eaa80000,0x00000000eaa80000,0x00000000ee980000)
  from space 8192K, 99% used [0x00000000ee980000,0x00000000ef17a998,0x00000000ef180000)
  to   space 7168K, 0% used [0x00000000ef180000,0x00000000ef180000,0x00000000ef880000)
 ParOldGen       total 20992K, used 20519K [0x00000000c0000000, 0x00000000c1480000, 0x00000000eaa80000)
  object space 20992K, 97% used [0x00000000c0000000,0x00000000c1409db0,0x00000000c1480000)
 PSPermGen       total 21504K, used 5929K [0x00000000bae00000, 0x00000000bc300000, 0x00000000c0000000)
  object space 21504K, 27% used [0x00000000bae00000,0x00000000bb3ca790,0x00000000bc300000)

Card table byte_map: [0x00007f2ce89b2000,0x00007f2ce8bdc000] byte_map_base: 0x00007f2ce83db000

Polling page: 0x00007f2cf2bf1000

Code Cache  [0x00007f2ce8bdc000, 0x00007f2ce8e4c000, 0x00007f2cebbdc000)
 total_blobs=515 nmethods=286 adapters=183 free_code_cache=47978Kb largest_free_block=49096768

Compilation events (10 events):
Event: 16.176 Thread 0x00007f2cec096000 nmethod 285 0x00007f2ce8cf91d0 code [0x00007f2ce8cf9320, 0x00007f2ce8cf9498]
Event: 16.176 Thread 0x00007f2cec096000  286             com.android.dx.util.LabeledList::set (45 bytes)
Event: 16.200 Thread 0x00007f2cec096000 nmethod 286 0x00007f2ce8d05490 code [0x00007f2ce8d05620, 0x00007f2ce8d05878]
Event: 16.200 Thread 0x00007f2cec096000  287             com.android.dx.ssa.back.SsaToRop::removePhiFunctions (83 bytes)
Event: 16.398 Thread 0x00007f2cec096000 nmethod 287 0x00007f2ce8d07d10 code [0x00007f2ce8d07f00, 0x00007f2ce8d08968]
Event: 16.398 Thread 0x00007f2cec096000  288             com.android.dx.rop.code.RegisterSpec::make (7 bytes)
Event: 16.399 Thread 0x00007f2cec096000 nmethod 288 0x00007f2ce8cfaed0 code [0x00007f2ce8cfb020, 0x00007f2ce8cfb088]
Event: 16.399 Thread 0x00007f2cec096000  289             com.android.dx.ssa.SsaBasicBlock::getCountPhiInsns (45 bytes)
Event: 16.429 Thread 0x00007f2cec096000 nmethod 289 0x00007f2ce8d05f50 code [0x00007f2ce8d060a0, 0x00007f2ce8d06298]
Event: 16.429 Thread 0x00007f2cec096000  290   !         com.android.dx.cf.code.Ropper::processBlock (1101 bytes)

GC Heap History (10 events):
Event: 2.598 GC heap after
Heap after GC invocations=2 (full 0):
 PSYoungGen      total 17408K, used 992K [0x00000000eaa80000, 0x00000000ebc80000, 0x0000000100000000)
  eden space 16384K, 0% used [0x00000000eaa80000,0x00000000eaa80000,0x00000000eba80000)
  from space 1024K, 96% used [0x00000000ebb80000,0x00000000ebc78018,0x00000000ebc80000)
  to   space 1024K, 0% used [0x00000000eba80000,0x00000000eba80000,0x00000000ebb80000)
 ParOldGen       total 19456K, used 2096K [0x00000000c0000000, 0x00000000c1300000, 0x00000000eaa80000)
  object space 19456K, 10% used [0x00000000c0000000,0x00000000c020c210,0x00000000c1300000)
 PSPermGen       total 21504K, used 5506K [0x00000000bae00000, 0x00000000bc300000, 0x00000000c0000000)
  object space 21504K, 25% used [0x00000000bae00000,0x00000000bb360838,0x00000000bc300000)
}
Event: 4.360 GC heap before
{Heap before GC invocations=3 (full 0):
 PSYoungGen      total 17408K, used 17376K [0x00000000eaa80000, 0x00000000ebc80000, 0x0000000100000000)
  eden space 16384K, 100% used [0x00000000eaa80000,0x00000000eba80000,0x00000000eba80000)
  from space 1024K, 96% used [0x00000000ebb80000,0x00000000ebc78018,0x00000000ebc80000)
  to   space 1024K, 0% used [0x00000000eba80000,0x00000000eba80000,0x00000000ebb80000)
 ParOldGen       total 19456K, used 2096K [0x00000000c0000000, 0x00000000c1300000, 0x00000000eaa80000)
  object space 19456K, 10% used [0x00000000c0000000,0x00000000c020c210,0x00000000c1300000)
 PSPermGen       total 21504K, used 5751K [0x00000000bae00000, 0x00000000bc300000, 0x00000000c0000000)
  object space 21504K, 26% used [0x00000000bae00000,0x00000000bb39dc58,0x00000000bc300000)
Event: 4.410 GC heap after
Heap after GC invocations=3 (full 0):
 PSYoungGen      total 17408K, used 992K [0x00000000eaa80000, 0x00000000ecc80000, 0x0000000100000000)
  eden space 16384K, 0% used [0x00000000eaa80000,0x00000000eaa80000,0x00000000eba80000)
  from space 1024K, 96% used [0x00000000eba80000,0x00000000ebb78010,0x00000000ebb80000)
  to   space 1024K, 0% used [0x00000000ecb80000,0x00000000ecb80000,0x00000000ecc80000)
 ParOldGen       total 19456K, used 5115K [0x00000000c0000000, 0x00000000c1300000, 0x00000000eaa80000)
  object space 19456K, 26% used [0x00000000c0000000,0x00000000c04fefe0,0x00000000c1300000)
 PSPermGen       total 21504K, used 5751K [0x00000000bae00000, 0x00000000bc300000, 0x00000000c0000000)
  object space 21504K, 26% used [0x00000000bae00000,0x00000000bb39dc58,0x00000000bc300000)
}
Event: 5.865 GC heap before
{Heap before GC invocations=4 (full 0):
 PSYoungGen      total 17408K, used 17376K [0x00000000eaa80000, 0x00000000ecc80000, 0x0000000100000000)
  eden space 16384K, 100% used [0x00000000eaa80000,0x00000000eba80000,0x00000000eba80000)
  from space 1024K, 96% used [0x00000000eba80000,0x00000000ebb78010,0x00000000ebb80000)
  to   space 1024K, 0% used [0x00000000ecb80000,0x00000000ecb80000,0x00000000ecc80000)
 ParOldGen       total 19456K, used 5115K [0x00000000c0000000, 0x00000000c1300000, 0x00000000eaa80000)
  object space 19456K, 26% used [0x00000000c0000000,0x00000000c04fefe0,0x00000000c1300000)
 PSPermGen       total 21504K, used 5812K [0x00000000bae00000, 0x00000000bc300000, 0x00000000c0000000)
  object space 21504K, 27% used [0x00000000bae00000,0x00000000bb3ad0a0,0x00000000bc300000)
Event: 5.923 GC heap after
Heap after GC invocations=4 (full 0):
 PSYoungGen      total 33792K, used 992K [0x00000000eaa80000, 0x00000000ecc80000, 0x0000000100000000)
  eden space 32768K, 0% used [0x00000000eaa80000,0x00000000eaa80000,0x00000000eca80000)
  from space 1024K, 96% used [0x00000000ecb80000,0x00000000ecc78010,0x00000000ecc80000)
  to   space 1024K, 0% used [0x00000000eca80000,0x00000000eca80000,0x00000000ecb80000)
 ParOldGen       total 19456K, used 7760K [0x00000000c0000000, 0x00000000c1300000, 0x00000000eaa80000)
  object space 19456K, 39% used [0x00000000c0000000,0x00000000c0794350,0x00000000c1300000)
 PSPermGen       total 21504K, used 5812K [0x00000000bae00000, 0x00000000bc300000, 0x00000000c0000000)
  object space 21504K, 27% used [0x00000000bae00000,0x00000000bb3ad0a0,0x00000000bc300000)
}
Event: 8.709 GC heap before
{Heap before GC invocations=5 (full 0):
 PSYoungGen      total 33792K, used 33760K [0x00000000eaa80000, 0x00000000ecc80000, 0x0000000100000000)
  eden space 32768K, 100% used [0x00000000eaa80000,0x00000000eca80000,0x00000000eca80000)
  from space 1024K, 96% used [0x00000000ecb80000,0x00000000ecc78010,0x00000000ecc80000)
  to   space 1024K, 0% used [0x00000000eca80000,0x00000000eca80000,0x00000000ecb80000)
 ParOldGen       total 19456K, used 7760K [0x00000000c0000000, 0x00000000c1300000, 0x00000000eaa80000)
  object space 19456K, 39% used [0x00000000c0000000,0x00000000c0794350,0x00000000c1300000)
 PSPermGen       total 21504K, used 5867K [0x00000000bae00000, 0x00000000bc300000, 0x00000000c0000000)
  object space 21504K, 27% used [0x00000000bae00000,0x00000000bb3bae20,0x00000000bc300000)
Event: 8.776 GC heap after
Heap after GC invocations=5 (full 0):
 PSYoungGen      total 33792K, used 1022K [0x00000000eaa80000, 0x00000000ef880000, 0x0000000100000000)
  eden space 32768K, 0% used [0x00000000eaa80000,0x00000000eaa80000,0x00000000eca80000)
  from space 1024K, 99% used [0x00000000eca80000,0x00000000ecb7f8a8,0x00000000ecb80000)
  to   space 7168K, 0% used [0x00000000ef180000,0x00000000ef180000,0x00000000ef880000)
 ParOldGen       total 19456K, used 13069K [0x00000000c0000000, 0x00000000c1300000, 0x00000000eaa80000)
  object space 19456K, 67% used [0x00000000c0000000,0x00000000c0cc3460,0x00000000c1300000)
 PSPermGen       total 21504K, used 5867K [0x00000000bae00000, 0x00000000bc300000, 0x00000000c0000000)
  object space 21504K, 27% used [0x00000000bae00000,0x00000000bb3bae20,0x00000000bc300000)
}
Event: 11.891 GC heap before
{Heap before GC invocations=6 (full 0):
 PSYoungGen      total 33792K, used 33790K [0x00000000eaa80000, 0x00000000ef880000, 0x0000000100000000)
  eden space 32768K, 100% used [0x00000000eaa80000,0x00000000eca80000,0x00000000eca80000)
  from space 1024K, 99% used [0x00000000eca80000,0x00000000ecb7f8a8,0x00000000ecb80000)
  to   space 7168K, 0% used [0x00000000ef180000,0x00000000ef180000,0x00000000ef880000)
 ParOldGen       total 19456K, used 13069K [0x00000000c0000000, 0x00000000c1300000, 0x00000000eaa80000)
  object space 19456K, 67% used [0x00000000c0000000,0x00000000c0cc3460,0x00000000c1300000)
 PSPermGen       total 21504K, used 5899K [0x00000000bae00000, 0x00000000bc300000, 0x00000000c0000000)
  object space 21504K, 27% used [0x00000000bae00000,0x00000000bb3c2c60,0x00000000bc300000)
Event: 12.034 GC heap after
Heap after GC invocations=6 (full 0):
 PSYoungGen      total 71680K, used 6263K [0x00000000eaa80000, 0x00000000efa80000, 0x0000000100000000)
  eden space 64512K, 0% used [0x00000000eaa80000,0x00000000eaa80000,0x00000000ee980000)
  from space 7168K, 87% used [0x00000000ef180000,0x00000000ef79dd90,0x00000000ef880000)
  to   space 8192K, 0% used [0x00000000ee980000,0x00000000ee980000,0x00000000ef180000)
 ParOldGen       total 19456K, used 13069K [0x00000000c0000000, 0x00000000c1300000, 0x00000000eaa80000)
  object space 19456K, 67% used [0x00000000c0000000,0x00000000c0cc3460,0x00000000c1300000)
 PSPermGen       total 21504K, used 5899K [0x00000000bae00000, 0x00000000bc300000, 0x00000000c0000000)
  object space 21504K, 27% used [0x00000000bae00000,0x00000000bb3c2c60,0x00000000bc300000)
}
Event: 17.762 GC heap before
{Heap before GC invocations=7 (full 0):
 PSYoungGen      total 71680K, used 70775K [0x00000000eaa80000, 0x00000000efa80000, 0x0000000100000000)
  eden space 64512K, 100% used [0x00000000eaa80000,0x00000000ee980000,0x00000000ee980000)
  from space 7168K, 87% used [0x00000000ef180000,0x00000000ef79dd90,0x00000000ef880000)
  to   space 8192K, 0% used [0x00000000ee980000,0x00000000ee980000,0x00000000ef180000)
 ParOldGen       total 19456K, used 13069K [0x00000000c0000000, 0x00000000c1300000, 0x00000000eaa80000)
  object space 19456K, 67% used [0x00000000c0000000,0x00000000c0cc3460,0x00000000c1300000)
 PSPermGen       total 21504K, used 5929K [0x00000000bae00000, 0x00000000bc300000, 0x00000000c0000000)
  object space 21504K, 27% used [0x00000000bae00000,0x00000000bb3ca790,0x00000000bc300000)

Deoptimization events (10 events):
Event: 2.527 Thread 0x00007f2cec185800 Uncommon trap: reason=class_check action=maybe_recompile pc=0x00007f2ce8c54d5c method=com.android.dx.ssa.NormalSsaInsn.accept(Lcom/android/dx/ssa/SsaInsn$Visitor;)V @ 9
Event: 2.845 Thread 0x00007f2cec00a000 Uncommon trap: reason=null_check action=make_not_entrant pc=0x00007f2ce8c5b788 method=com.android.dx.rop.code.LocalItem.equals(Ljava/lang/Object;)Z @ 1
Event: 2.932 Thread 0x00007f2cec182800 Uncommon trap: reason=class_check action=maybe_recompile pc=0x00007f2ce8c54d5c method=com.android.dx.ssa.NormalSsaInsn.accept(Lcom/android/dx/ssa/SsaInsn$Visitor;)V @ 9
Event: 3.492 Thread 0x00007f2cec188800 Uncommon trap: reason=class_check action=maybe_recompile pc=0x00007f2ce8c54d5c method=com.android.dx.ssa.NormalSsaInsn.accept(Lcom/android/dx/ssa/SsaInsn$Visitor;)V @ 9
Event: 3.656 Thread 0x00007f2cec182800 Uncommon trap: reason=class_check action=maybe_recompile pc=0x00007f2ce8c54d5c method=com.android.dx.ssa.NormalSsaInsn.accept(Lcom/android/dx/ssa/SsaInsn$Visitor;)V @ 9
Event: 6.556 Thread 0x00007f2cec185800 Uncommon trap: reason=null_check action=make_not_entrant pc=0x00007f2ce8c90cb8 method=com.android.dx.ssa.SsaRenamer.getLocalForNewReg(I)Lcom/android/dx/rop/code/LocalItem; @ 19
Event: 6.663 Thread 0x00007f2cec00a000 Uncommon trap: reason=unstable_if action=reinterpret pc=0x00007f2ce8c59784 method=com.android.dx.rop.cst.Constant.compareTo(Lcom/android/dx/rop/cst/Constant;)I @ 12
Event: 7.798 Thread 0x00007f2cec188800 Uncommon trap: reason=unstable_if action=reinterpret pc=0x00007f2ce8ca6258 method=com.android.dx.ssa.LocalVariableExtractor.processBlock(I)V @ 251
Event: 8.063 Thread 0x00007f2cec00a000 Uncommon trap: reason=unstable_if action=reinterpret pc=0x00007f2ce8c72874 method=com.android.dx.util.IntList.binarysearch(I)I @ 105
Event: 9.774 Thread 0x00007f2cec00a000 Uncommon trap: reason=null_check action=make_not_entrant pc=0x00007f2ce8cbf3fc method=com.android.dx.rop.type.Type.putIntern(Lcom/android/dx/rop/type/Type;)Lcom/android/dx/rop/type/Type; @ 18

Internal exceptions (10 events):
Event: 2.681 Thread 0x00007f2cec187000 Threw 0x00000000eab31ae0 at /HUDSON/workspace/7u-2-build-linux-amd64/jdk7u80/2329/hotspot/src/share/vm/prims/jvm.cpp:1319
Event: 2.845 Thread 0x00007f2cec00a000 Implicit null exception at 0x00007f2ce8c5b574 to 0x00007f2ce8c5b761
Event: 2.932 Thread 0x00007f2cec00a000 Threw 0x00000000ead8fed0 at /HUDSON/workspace/7u-2-build-linux-amd64/jdk7u80/2329/hotspot/src/share/vm/prims/jvm.cpp:1319
Event: 2.955 Thread 0x00007f2cec00a000 Threw 0x00000000eada0e90 at /HUDSON/workspace/7u-2-build-linux-amd64/jdk7u80/2329/hotspot/src/share/vm/prims/jvm.cpp:1319
Event: 5.011 Thread 0x00007f2cec00a000 Threw 0x00000000eb0ff810 at /HUDSON/workspace/7u-2-build-linux-amd64/jdk7u80/2329/hotspot/src/share/vm/prims/jvm.cpp:1319
Event: 6.556 Thread 0x00007f2cec185800 Implicit null exception at 0x00007f2ce8c8faf8 to 0x00007f2ce8c90c9d
Event: 9.119 Thread 0x00007f2cec187000 Threw 0x00000000eae3f7f8 at /HUDSON/workspace/7u-2-build-linux-amd64/jdk7u80/2329/hotspot/src/share/vm/prims/jvm.cpp:1319
Event: 9.774 Thread 0x00007f2cec00a000 Implicit null exception at 0x00007f2ce8cbed37 to 0x00007f2ce8cbf3ed
Event: 10.616 Thread 0x00007f2cec188800 Threw 0x00000000ec073af8 at /HUDSON/workspace/7u-2-build-linux-amd64/jdk7u80/2329/hotspot/src/share/vm/prims/jvm.cpp:1319
Event: 17.403 Thread 0x00007f2cec00a000 Threw 0x00000000ee45d5d0 at /HUDSON/workspace/7u-2-build-linux-amd64/jdk7u80/2329/hotspot/src/share/vm/prims/jvm.cpp:1319

Events (10 events):
Event: 12.053 Executing VM operation: RevokeBias
Event: 12.054 Executing VM operation: RevokeBias done
Event: 12.054 Executing VM operation: RevokeBias
Event: 12.054 Executing VM operation: RevokeBias done
Event: 12.054 Executing VM operation: BulkRevokeBias
Event: 12.054 Executing VM operation: BulkRevokeBias done
Event: 16.399 Thread 0x00007f2cec096000 flushing nmethod 0x00007f2ce8c595d0
Event: 17.403 loading class 0x00007f2cec0d32c0
Event: 17.403 loading class 0x00007f2cec0d32c0 done
Event: 17.753 Executing VM operation: ParallelGCFailedAllocation


Dynamic libraries:
00400000-00401000 r-xp 00000000 08:06 665474                             /usr/lib/jvm/java-7-oracle/bin/java
00600000-00601000 rw-p 00000000 08:06 665474                             /usr/lib/jvm/java-7-oracle/bin/java
00be2000-00c03000 rw-p 00000000 00:00 0                                  [heap]
bae00000-bc300000 rw-p 00000000 00:00 0 
bc300000-c0000000 rw-p 00000000 00:00 0 
c0000000-c1480000 rw-p 00000000 00:00 0 
c1480000-eaa80000 rw-p 00000000 00:00 0 
eaa80000-efa80000 rw-p 00000000 00:00 0 
f4280000-100000000 rw-p 00000000 00:00 0 
7f2c98000000-7f2c98021000 rw-p 00000000 00:00 0 
7f2c98021000-7f2c9c000000 ---p 00000000 00:00 0 
7f2ca0000000-7f2ca0021000 rw-p 00000000 00:00 0 
7f2ca0021000-7f2ca4000000 ---p 00000000 00:00 0 
7f2ca4000000-7f2ca4021000 rw-p 00000000 00:00 0 
7f2ca4021000-7f2ca8000000 ---p 00000000 00:00 0 
7f2ca8000000-7f2ca804f000 rw-p 00000000 00:00 0 
7f2ca804f000-7f2cac000000 ---p 00000000 00:00 0 
7f2cac000000-7f2cac021000 rw-p 00000000 00:00 0 
7f2cac021000-7f2cb0000000 ---p 00000000 00:00 0 
7f2cb0000000-7f2cb0021000 rw-p 00000000 00:00 0 
7f2cb0021000-7f2cb4000000 ---p 00000000 00:00 0 
7f2cb75d2000-7f2cb75d5000 ---p 00000000 00:00 0 
7f2cb75d5000-7f2cb76d3000 rw-p 00000000 00:00 0                          [stack:30733]
7f2cb76d3000-7f2cb76d6000 ---p 00000000 00:00 0 
7f2cb76d6000-7f2cb77d4000 rw-p 00000000 00:00 0                          [stack:30732]
7f2cb77d4000-7f2cb77d7000 ---p 00000000 00:00 0 
7f2cb77d7000-7f2cb78d5000 rw-p 00000000 00:00 0                          [stack:30731]
7f2cb78d5000-7f2cb78d8000 ---p 00000000 00:00 0 
7f2cb78d8000-7f2cb79d6000 rw-p 00000000 00:00 0                          [stack:30730]
7f2cb79d6000-7f2cb79d9000 ---p 00000000 00:00 0 
7f2cb79d9000-7f2cb7ad7000 rw-p 00000000 00:00 0                          [stack:30729]
7f2cb7ad7000-7f2cb7aee000 r-xp 00000000 08:06 665284                     /usr/lib/jvm/java-7-oracle/jre/lib/amd64/libnet.so
7f2cb7aee000-7f2cb7ced000 ---p 00017000 08:06 665284                     /usr/lib/jvm/java-7-oracle/jre/lib/amd64/libnet.so
7f2cb7ced000-7f2cb7cee000 rw-p 00016000 08:06 665284                     /usr/lib/jvm/java-7-oracle/jre/lib/amd64/libnet.so
7f2cb7cee000-7f2cb7cfe000 r-xp 00000000 08:06 665240                     /usr/lib/jvm/java-7-oracle/jre/lib/amd64/libnio.so
7f2cb7cfe000-7f2cb7efe000 ---p 00010000 08:06 665240                     /usr/lib/jvm/java-7-oracle/jre/lib/amd64/libnio.so
7f2cb7efe000-7f2cb7eff000 rw-p 00010000 08:06 665240                     /usr/lib/jvm/java-7-oracle/jre/lib/amd64/libnio.so
7f2cb7eff000-7f2cb7f00000 ---p 00000000 00:00 0 
7f2cb7f00000-7f2cb8000000 rw-p 00000000 00:00 0                          [stack:30709]
7f2cb8000000-7f2cb900e000 rw-p 00000000 00:00 0 
7f2cb900e000-7f2cbc000000 ---p 00000000 00:00 0 
7f2cbc000000-7f2cbc021000 rw-p 00000000 00:00 0 
7f2cbc021000-7f2cc0000000 ---p 00000000 00:00 0 
7f2cc0000000-7f2cc0021000 rw-p 00000000 00:00 0 
7f2cc0021000-7f2cc4000000 ---p 00000000 00:00 0 
7f2cc4000000-7f2cc533b000 rw-p 00000000 00:00 0 
7f2cc533b000-7f2cc8000000 ---p 00000000 00:00 0 
7f2cc8000000-7f2cc8021000 rw-p 00000000 00:00 0 
7f2cc8021000-7f2ccc000000 ---p 00000000 00:00 0 
7f2ccc000000-7f2ccc021000 rw-p 00000000 00:00 0 
7f2ccc021000-7f2cd0000000 ---p 00000000 00:00 0 
7f2cd0000000-7f2cd024f000 rw-p 00000000 00:00 0 
7f2cd024f000-7f2cd4000000 ---p 00000000 00:00 0 
7f2cd4000000-7f2cd4021000 rw-p 00000000 00:00 0 
7f2cd4021000-7f2cd8000000 ---p 00000000 00:00 0 
7f2cd8078000-7f2cd807b000 ---p 00000000 00:00 0 
7f2cd807b000-7f2cd8179000 rw-p 00000000 00:00 0                          [stack:30703]
7f2cd8179000-7f2cd817c000 ---p 00000000 00:00 0 
7f2cd817c000-7f2cd827a000 rw-p 00000000 00:00 0                          [stack:30701]
7f2cd827a000-7f2cd827d000 ---p 00000000 00:00 0 
7f2cd827d000-7f2cd837b000 rw-p 00000000 00:00 0                          [stack:30699]
7f2cd837b000-7f2cd837e000 ---p 00000000 00:00 0 
7f2cd837e000-7f2cd847c000 rw-p 00000000 00:00 0                          [stack:30695]
7f2cd847c000-7f2cd8b5e000 r--p 00000000 08:06 401314                     /usr/lib/locale/locale-archive
7f2cd8b5e000-7f2cd8b61000 ---p 00000000 00:00 0 
7f2cd8b61000-7f2cd8c5f000 rw-p 00000000 00:00 0                          [stack:30690]
7f2cd8c5f000-7f2cd8c62000 ---p 00000000 00:00 0 
7f2cd8c62000-7f2cd8d60000 rw-p 00000000 00:00 0                          [stack:30689]
7f2cd8d60000-7f2cd8d61000 ---p 00000000 00:00 0 
7f2cd8d61000-7f2cdc000000 rw-p 00000000 00:00 0                          [stack:30678]
7f2cdc000000-7f2cdc021000 rw-p 00000000 00:00 0 
7f2cdc021000-7f2ce0000000 ---p 00000000 00:00 0 
7f2ce0000000-7f2ce0021000 rw-p 00000000 00:00 0 
7f2ce0021000-7f2ce4000000 ---p 00000000 00:00 0 
7f2ce4000000-7f2ce4021000 rw-p 00000000 00:00 0 
7f2ce4021000-7f2ce8000000 ---p 00000000 00:00 0 
7f2ce8025000-7f2ce80f4000 rw-p 00000000 00:00 0 
7f2ce80f4000-7f2ce82b4000 r--s 039fb000 08:06 664642                     /usr/lib/jvm/java-7-oracle/jre/lib/rt.jar
7f2ce82b4000-7f2ce85ae000 rw-p 00000000 00:00 0 
7f2ce85ae000-7f2ce85af000 ---p 00000000 00:00 0 
7f2ce85af000-7f2ce86af000 rw-p 00000000 00:00 0                          [stack:30660]
7f2ce86af000-7f2ce86b0000 ---p 00000000 00:00 0 
7f2ce86b0000-7f2ce87b0000 rw-p 00000000 00:00 0                          [stack:30659]
7f2ce87b0000-7f2ce87b1000 ---p 00000000 00:00 0 
7f2ce87b1000-7f2ce88b1000 rw-p 00000000 00:00 0                          [stack:30658]
7f2ce88b1000-7f2ce88b2000 ---p 00000000 00:00 0 
7f2ce88b2000-7f2ce89bd000 rw-p 00000000 00:00 0                          [stack:30657]
7f2ce89bd000-7f2ce89db000 rw-p 00000000 00:00 0 
7f2ce89db000-7f2ce89e6000 rw-p 00000000 00:00 0 
7f2ce89e6000-7f2ce8b30000 rw-p 00000000 00:00 0 
7f2ce8b30000-7f2ce8b59000 rw-p 00000000 00:00 0 
7f2ce8b59000-7f2ce8bdb000 rw-p 00000000 00:00 0 
7f2ce8bdb000-7f2ce8bdc000 rw-p 00000000 00:00 0 
7f2ce8bdc000-7f2ce8e4c000 rwxp 00000000 00:00 0 
7f2ce8e4c000-7f2cebbdc000 rw-p 00000000 00:00 0 
7f2cebbdc000-7f2cebbf3000 r-xp 00000000 08:06 665260                     /usr/lib/jvm/java-7-oracle/jre/lib/amd64/libzip.so
7f2cebbf3000-7f2cebdf3000 ---p 00017000 08:06 665260                     /usr/lib/jvm/java-7-oracle/jre/lib/amd64/libzip.so
7f2cebdf3000-7f2cebdf4000 rw-p 00017000 08:06 665260                     /usr/lib/jvm/java-7-oracle/jre/lib/amd64/libzip.so
7f2cebdf4000-7f2cebdff000 r-xp 00000000 08:06 532465                     /lib/x86_64-linux-gnu/libnss_files-2.19.so
7f2cebdff000-7f2cebffe000 ---p 0000b000 08:06 532465                     /lib/x86_64-linux-gnu/libnss_files-2.19.so
7f2cebffe000-7f2cebfff000 r--p 0000a000 08:06 532465                     /lib/x86_64-linux-gnu/libnss_files-2.19.so
7f2cebfff000-7f2cec000000 rw-p 0000b000 08:06 532465                     /lib/x86_64-linux-gnu/libnss_files-2.19.so
7f2cec000000-7f2cec1b6000 rw-p 00000000 00:00 0 
7f2cec1b6000-7f2cf0000000 ---p 00000000 00:00 0 
7f2cf000e000-7f2cf001d000 r--s 000df000 08:06 2895304                    /home/ashwin/Android/Sdk/build-tools/23.0.2/lib/dx.jar
7f2cf001d000-7f2cf0071000 rw-p 00000000 00:00 0 
7f2cf0071000-7f2cf008f000 rw-p 00000000 00:00 0 
7f2cf008f000-7f2cf009a000 rw-p 00000000 00:00 0 
7f2cf009a000-7f2cf01e5000 rw-p 00000000 00:00 0 
7f2cf01e5000-7f2cf01f0000 r-xp 00000000 08:06 532457                     /lib/x86_64-linux-gnu/libnss_nis-2.19.so
7f2cf01f0000-7f2cf03ef000 ---p 0000b000 08:06 532457                     /lib/x86_64-linux-gnu/libnss_nis-2.19.so
7f2cf03ef000-7f2cf03f0000 r--p 0000a000 08:06 532457                     /lib/x86_64-linux-gnu/libnss_nis-2.19.so
7f2cf03f0000-7f2cf03f1000 rw-p 0000b000 08:06 532457                     /lib/x86_64-linux-gnu/libnss_nis-2.19.so
7f2cf03f1000-7f2cf0408000 r-xp 00000000 08:06 529121                     /lib/x86_64-linux-gnu/libnsl-2.19.so
7f2cf0408000-7f2cf0607000 ---p 00017000 08:06 529121                     /lib/x86_64-linux-gnu/libnsl-2.19.so
7f2cf0607000-7f2cf0608000 r--p 00016000 08:06 529121                     /lib/x86_64-linux-gnu/libnsl-2.19.so
7f2cf0608000-7f2cf0609000 rw-p 00017000 08:06 529121                     /lib/x86_64-linux-gnu/libnsl-2.19.so
7f2cf0609000-7f2cf060b000 rw-p 00000000 00:00 0 
7f2cf060b000-7f2cf0614000 r-xp 00000000 08:06 529120                     /lib/x86_64-linux-gnu/libnss_compat-2.19.so
7f2cf0614000-7f2cf0813000 ---p 00009000 08:06 529120                     /lib/x86_64-linux-gnu/libnss_compat-2.19.so
7f2cf0813000-7f2cf0814000 r--p 00008000 08:06 529120                     /lib/x86_64-linux-gnu/libnss_compat-2.19.so
7f2cf0814000-7f2cf0815000 rw-p 00009000 08:06 529120                     /lib/x86_64-linux-gnu/libnss_compat-2.19.so
7f2cf0815000-7f2cf083e000 r-xp 00000000 08:06 665275                     /usr/lib/jvm/java-7-oracle/jre/lib/amd64/libjava.so
7f2cf083e000-7f2cf0a3e000 ---p 00029000 08:06 665275                     /usr/lib/jvm/java-7-oracle/jre/lib/amd64/libjava.so
7f2cf0a3e000-7f2cf0a40000 rw-p 00029000 08:06 665275                     /usr/lib/jvm/java-7-oracle/jre/lib/amd64/libjava.so
7f2cf0a40000-7f2cf0a4d000 r-xp 00000000 08:06 665280                     /usr/lib/jvm/java-7-oracle/jre/lib/amd64/libverify.so
7f2cf0a4d000-7f2cf0c4c000 ---p 0000d000 08:06 665280                     /usr/lib/jvm/java-7-oracle/jre/lib/amd64/libverify.so
7f2cf0c4c000-7f2cf0c4e000 rw-p 0000c000 08:06 665280                     /usr/lib/jvm/java-7-oracle/jre/lib/amd64/libverify.so
7f2cf0c4e000-7f2cf0c55000 r-xp 00000000 08:06 532461                     /lib/x86_64-linux-gnu/librt-2.19.so
7f2cf0c55000-7f2cf0e54000 ---p 00007000 08:06 532461                     /lib/x86_64-linux-gnu/librt-2.19.so
7f2cf0e54000-7f2cf0e55000 r--p 00006000 08:06 532461                     /lib/x86_64-linux-gnu/librt-2.19.so
7f2cf0e55000-7f2cf0e56000 rw-p 00007000 08:06 532461                     /lib/x86_64-linux-gnu/librt-2.19.so
7f2cf0e56000-7f2cf0f5b000 r-xp 00000000 08:06 529115                     /lib/x86_64-linux-gnu/libm-2.19.so
7f2cf0f5b000-7f2cf115a000 ---p 00105000 08:06 529115                     /lib/x86_64-linux-gnu/libm-2.19.so
7f2cf115a000-7f2cf115b000 r--p 00104000 08:06 529115                     /lib/x86_64-linux-gnu/libm-2.19.so
7f2cf115b000-7f2cf115c000 rw-p 00105000 08:06 529115                     /lib/x86_64-linux-gnu/libm-2.19.so
7f2cf115c000-7f2cf1cd2000 r-xp 00000000 08:06 665268                     /usr/lib/jvm/java-7-oracle/jre/lib/amd64/server/libjvm.so
7f2cf1cd2000-7f2cf1ed1000 ---p 00b76000 08:06 665268                     /usr/lib/jvm/java-7-oracle/jre/lib/amd64/server/libjvm.so
7f2cf1ed1000-7f2cf1f95000 rw-p 00b75000 08:06 665268                     /usr/lib/jvm/java-7-oracle/jre/lib/amd64/server/libjvm.so
7f2cf1f95000-7f2cf1fd6000 rw-p 00000000 00:00 0 
7f2cf1fd6000-7f2cf2191000 r-xp 00000000 08:06 532462                     /lib/x86_64-linux-gnu/libc-2.19.so
7f2cf2191000-7f2cf2390000 ---p 001bb000 08:06 532462                     /lib/x86_64-linux-gnu/libc-2.19.so
7f2cf2390000-7f2cf2394000 r--p 001ba000 08:06 532462                     /lib/x86_64-linux-gnu/libc-2.19.so
7f2cf2394000-7f2cf2396000 rw-p 001be000 08:06 532462                     /lib/x86_64-linux-gnu/libc-2.19.so
7f2cf2396000-7f2cf239b000 rw-p 00000000 00:00 0 
7f2cf239b000-7f2cf239e000 r-xp 00000000 08:06 529117                     /lib/x86_64-linux-gnu/libdl-2.19.so
7f2cf239e000-7f2cf259d000 ---p 00003000 08:06 529117                     /lib/x86_64-linux-gnu/libdl-2.19.so
7f2cf259d000-7f2cf259e000 r--p 00002000 08:06 529117                     /lib/x86_64-linux-gnu/libdl-2.19.so
7f2cf259e000-7f2cf259f000 rw-p 00003000 08:06 529117                     /lib/x86_64-linux-gnu/libdl-2.19.so
7f2cf259f000-7f2cf25b4000 r-xp 00000000 08:06 657331                     /usr/lib/jvm/java-7-oracle/lib/amd64/jli/libjli.so
7f2cf25b4000-7f2cf27b3000 ---p 00015000 08:06 657331                     /usr/lib/jvm/java-7-oracle/lib/amd64/jli/libjli.so
7f2cf27b3000-7f2cf27b4000 rw-p 00014000 08:06 657331                     /usr/lib/jvm/java-7-oracle/lib/amd64/jli/libjli.so
7f2cf27b4000-7f2cf27cd000 r-xp 00000000 08:06 529122                     /lib/x86_64-linux-gnu/libpthread-2.19.so
7f2cf27cd000-7f2cf29cc000 ---p 00019000 08:06 529122                     /lib/x86_64-linux-gnu/libpthread-2.19.so
7f2cf29cc000-7f2cf29cd000 r--p 00018000 08:06 529122                     /lib/x86_64-linux-gnu/libpthread-2.19.so
7f2cf29cd000-7f2cf29ce000 rw-p 00019000 08:06 529122                     /lib/x86_64-linux-gnu/libpthread-2.19.so
7f2cf29ce000-7f2cf29d2000 rw-p 00000000 00:00 0 
7f2cf29d2000-7f2cf29f5000 r-xp 00000000 08:06 529123                     /lib/x86_64-linux-gnu/ld-2.19.so
7f2cf29ff000-7f2cf2a1f000 rw-p 00000000 00:00 0 
7f2cf2a1f000-7f2cf2ad5000 rw-p 00000000 00:00 0 
7f2cf2ad5000-7f2cf2ad8000 ---p 00000000 00:00 0 
7f2cf2ad8000-7f2cf2bda000 rw-p 00000000 00:00 0                          [stack:30656]
7f2cf2bdd000-7f2cf2bde000 rw-p 00000000 00:00 0 
7f2cf2bde000-7f2cf2be8000 r--s 0008b000 08:06 3159644                    /home/ashwin/AndroidStudioProjects/Wit-Eval/app/build/intermediates/exploded-aar/com.android.support/appcompat-v7/23.3.0/jars/classes.jar
7f2cf2be8000-7f2cf2bf0000 rw-s 00000000 08:06 1063527                    /tmp/hsperfdata_ashwin/30644
7f2cf2bf0000-7f2cf2bf1000 rw-p 00000000 00:00 0 
7f2cf2bf1000-7f2cf2bf2000 ---p 00000000 00:00 0 
7f2cf2bf2000-7f2cf2bf4000 rw-p 00000000 00:00 0 
7f2cf2bf4000-7f2cf2bf5000 r--p 00022000 08:06 529123                     /lib/x86_64-linux-gnu/ld-2.19.so
7f2cf2bf5000-7f2cf2bf6000 rw-p 00023000 08:06 529123                     /lib/x86_64-linux-gnu/ld-2.19.so
7f2cf2bf6000-7f2cf2bf7000 rw-p 00000000 00:00 0 
7ffc1dbfd000-7ffc1dc1e000 rw-p 00000000 00:00 0                          [stack]
7ffc1dd37000-7ffc1dd39000 r--p 00000000 00:00 0                          [vvar]
7ffc1dd39000-7ffc1dd3b000 r-xp 00000000 00:00 0                          [vdso]
ffffffffff600000-ffffffffff601000 r-xp 00000000 00:00 0                  [vsyscall]

VM Arguments:
jvm_args: -Djava.awt.headless=true -Xmx1024M -Dfile.encoding=UTF-8 -Duser.country=IN -Duser.language=en -Duser.variant 
java_command: com.android.dx.command.Main --dex --force-jumbo --num-threads=4 --multi-dex --output /home/ashwin/AndroidStudioProjects/Wit-Eval/app/build/intermediates/transforms/dex/debug/folders/1000/10/com.android.support-appcompat-v7-23.3.0_562af9b1476ed394cf6ca360a838d38c3e625b26 /home/ashwin/AndroidStudioProjects/Wit-Eval/app/build/intermediates/exploded-aar/com.android.support/appcompat-v7/23.3.0/jars/classes.jar
Launcher Type: SUN_STANDARD

Environment Variables:
PATH=/usr/local/sbin:/usr/local/bin:/usr/sbin:/usr/bin:/sbin:/bin:/usr/games:/usr/local/games
LD_LIBRARY_PATH=.:
SHELL=/bin/bash
DISPLAY=:0

Signal Handlers:
SIGSEGV: [libjvm.so+0x9a3b20], sa_mask[0]=0x7ffbfeff, sa_flags=0x10000004
SIGBUS: [libjvm.so+0x9a3b20], sa_mask[0]=0x7ffbfeff, sa_flags=0x10000004
SIGFPE: [libjvm.so+0x81e740], sa_mask[0]=0x7ffbfeff, sa_flags=0x10000004
SIGPIPE: [libjvm.so+0x81e740], sa_mask[0]=0x7ffbfeff, sa_flags=0x10000004
SIGXFSZ: [libjvm.so+0x81e740], sa_mask[0]=0x7ffbfeff, sa_flags=0x10000004
SIGILL: [libjvm.so+0x81e740], sa_mask[0]=0x7ffbfeff, sa_flags=0x10000004
SIGUSR1: SIG_DFL, sa_mask[0]=0x00000000, sa_flags=0x00000000
SIGUSR2: [libjvm.so+0x81ffb0], sa_mask[0]=0x00000004, sa_flags=0x10000004
SIGHUP: [libjvm.so+0x8210d0], sa_mask[0]=0x7ffbfeff, sa_flags=0x10000004
SIGINT: [libjvm.so+0x8210d0], sa_mask[0]=0x7ffbfeff, sa_flags=0x10000004
SIGTERM: [libjvm.so+0x8210d0], sa_mask[0]=0x7ffbfeff, sa_flags=0x10000004
SIGQUIT: [libjvm.so+0x8210d0], sa_mask[0]=0x7ffbfeff, sa_flags=0x10000004


---------------  S Y S T E M  ---------------

OS:jessie/sid

uname:Linux 3.19.0-25-generic #26~14.04.1-Ubuntu SMP Fri Jul 24 21:16:20 UTC 2015 x86_64
libc:glibc 2.19 NPTL 2.19 
rlimit: STACK 8192k, CORE 0k, NPROC 7349, NOFILE 4096, AS infinity
load average:5.62 1.61 1.06

/proc/meminfo:
MemTotal:        1902800 kB
MemFree:           74504 kB
MemAvailable:      41784 kB
Buffers:             516 kB
Cached:            56068 kB
SwapCached:         9124 kB
Active:          1229524 kB
Inactive:         419188 kB
Active(anon):    1223292 kB
Inactive(anon):   416580 kB
Active(file):       6232 kB
Inactive(file):     2608 kB
Unevictable:         120 kB
Mlocked:             120 kB
SwapTotal:       1947644 kB
SwapFree:              0 kB
Dirty:               200 kB
Writeback:             8 kB
AnonPages:       1584096 kB
Mapped:            13236 kB
Shmem:             47304 kB
Slab:              77396 kB
SReclaimable:      38344 kB
SUnreclaim:        39052 kB
KernelStack:       13280 kB
PageTables:        47216 kB
NFS_Unstable:          0 kB
Bounce:                0 kB
WritebackTmp:          0 kB
CommitLimit:     2899044 kB
Committed_AS:    8576436 kB
VmallocTotal:   34359738367 kB
VmallocUsed:      549520 kB
VmallocChunk:   34359180760 kB
HardwareCorrupted:     0 kB
AnonHugePages:    327680 kB
CmaTotal:              0 kB
CmaFree:               0 kB
HugePages_Total:       0
HugePages_Free:        0
HugePages_Rsvd:        0
HugePages_Surp:        0
Hugepagesize:       2048 kB
DirectMap4k:      147212 kB
DirectMap2M:     1802240 kB


CPU:total 4 (2 cores per cpu, 2 threads per core) family 6 model 37 stepping 2, cmov, cx8, fxsr, mmx, sse, sse2, sse3, ssse3, sse4.1, sse4.2, popcnt, aes, ht, tsc, tscinvbit

/proc/cpuinfo:
processor	: 0
vendor_id	: GenuineIntel
cpu family	: 6
model		: 37
model name	: Intel(R) Core(TM) i5 CPU       M 520  @ 2.40GHz
stepping	: 2
microcode	: 0x9
cpu MHz		: 2400.000
cache size	: 3072 KB
physical id	: 0
siblings	: 4
core id		: 0
cpu cores	: 2
apicid		: 0
initial apicid	: 0
fpu		: yes
fpu_exception	: yes
cpuid level	: 11
wp		: yes
flags		: fpu vme de pse tsc msr pae mce cx8 apic sep mtrr pge mca cmov pat pse36 clflush dts acpi mmx fxsr sse sse2 ss ht tm pbe syscall nx rdtscp lm constant_tsc arch_perfmon pebs bts rep_good nopl xtopology nonstop_tsc aperfmperf pni pclmulqdq dtes64 monitor ds_cpl vmx smx est tm2 ssse3 cx16 xtpr pdcm sse4_1 sse4_2 popcnt aes lahf_lm ida arat dtherm tpr_shadow vnmi flexpriority ept vpid
bugs		:
bogomips	: 4788.18
clflush size	: 64
cache_alignment	: 64
address sizes	: 36 bits physical, 48 bits virtual
power management:

processor	: 1
vendor_id	: GenuineIntel
cpu family	: 6
model		: 37
model name	: Intel(R) Core(TM) i5 CPU       M 520  @ 2.40GHz
stepping	: 2
microcode	: 0x9
cpu MHz		: 2400.000
cache size	: 3072 KB
physical id	: 0
siblings	: 4
core id		: 0
cpu cores	: 2
apicid		: 1
initial apicid	: 1
fpu		: yes
fpu_exception	: yes
cpuid level	: 11
wp		: yes
flags		: fpu vme de pse tsc msr pae mce cx8 apic sep mtrr pge mca cmov pat pse36 clflush dts acpi mmx fxsr sse sse2 ss ht tm pbe syscall nx rdtscp lm constant_tsc arch_perfmon pebs bts rep_good nopl xtopology nonstop_tsc aperfmperf pni pclmulqdq dtes64 monitor ds_cpl vmx smx est tm2 ssse3 cx16 xtpr pdcm sse4_1 sse4_2 popcnt aes lahf_lm ida arat dtherm tpr_shadow vnmi flexpriority ept vpid
bugs		:
bogomips	: 4788.18
clflush size	: 64
cache_alignment	: 64
address sizes	: 36 bits physical, 48 bits virtual
power management:

processor	: 2
vendor_id	: GenuineIntel
cpu family	: 6
model		: 37
model name	: Intel(R) Core(TM) i5 CPU       M 520  @ 2.40GHz
stepping	: 2
microcode	: 0x9
cpu MHz		: 2400.000
cache size	: 3072 KB
physical id	: 0
siblings	: 4
core id		: 2
cpu cores	: 2
apicid		: 4
initial apicid	: 4
fpu		: yes
fpu_exception	: yes
cpuid level	: 11
wp		: yes
flags		: fpu vme de pse tsc msr pae mce cx8 apic sep mtrr pge mca cmov pat pse36 clflush dts acpi mmx fxsr sse sse2 ss ht tm pbe syscall nx rdtscp lm constant_tsc arch_perfmon pebs bts rep_good nopl xtopology nonstop_tsc aperfmperf pni pclmulqdq dtes64 monitor ds_cpl vmx smx est tm2 ssse3 cx16 xtpr pdcm sse4_1 sse4_2 popcnt aes lahf_lm ida arat dtherm tpr_shadow vnmi flexpriority ept vpid
bugs		:
bogomips	: 4788.18
clflush size	: 64
cache_alignment	: 64
address sizes	: 36 bits physical, 48 bits virtual
power management:

processor	: 3
vendor_id	: GenuineIntel
cpu family	: 6
model		: 37
model name	: Intel(R) Core(TM) i5 CPU       M 520  @ 2.40GHz
stepping	: 2
microcode	: 0x9
cpu MHz		: 2400.000
cache size	: 3072 KB
physical id	: 0
siblings	: 4
core id		: 2
cpu cores	: 2
apicid		: 5
initial apicid	: 5
fpu		: yes
fpu_exception	: yes
cpuid level	: 11
wp		: yes
flags		: fpu vme de pse tsc msr pae mce cx8 apic sep mtrr pge mca cmov pat pse36 clflush dts acpi mmx fxsr sse sse2 ss ht tm pbe syscall nx rdtscp lm constant_tsc arch_perfmon pebs bts rep_good nopl xtopology nonstop_tsc aperfmperf pni pclmulqdq dtes64 monitor ds_cpl vmx smx est tm2 ssse3 cx16 xtpr pdcm sse4_1 sse4_2 popcnt aes lahf_lm ida arat dtherm tpr_shadow vnmi flexpriority ept vpid
bugs		:
bogomips	: 4788.18
clflush size	: 64
cache_alignment	: 64
address sizes	: 36 bits physical, 48 bits virtual
power management:



Memory: 4k page, physical 1902800k(74628k free), swap 1947644k(0k free)

vm_info: Java HotSpot(TM) 64-Bit Server VM (24.80-b11) for linux-amd64 JRE (1.7.0_80-b15), built on Apr 10 2015 19:53:14 by "java_re" with gcc 4.3.0 20080428 (Red Hat 4.3.0-8)

time: Sat Apr  9 17:05:07 2016
elapsed time: 18 seconds

